\BOOKMARK [0][-]{chapter.1}{CICLO 1. USUARIO}{}% 1
\BOOKMARK [1][-]{section.1.1}{Reto}{chapter.1}% 2
\BOOKMARK [1][-]{section.1.2}{Usuario en contexto}{chapter.1}% 3
\BOOKMARK [2][-]{subsection.1.2.1}{Observaciones}{section.1.2}% 4
\BOOKMARK [2][-]{subsection.1.2.2}{Entrevistas}{section.1.2}% 5
\BOOKMARK [2][-]{subsection.1.2.3}{Organizar y jerarquizaci\363n de necesidades}{section.1.2}% 6
\BOOKMARK [1][-]{section.1.3}{Soluciones actuales \(mercado\)}{chapter.1}% 7
\BOOKMARK [1][-]{section.1.4}{Contexto pasado, presente y futuro}{chapter.1}% 8
\BOOKMARK [2][-]{subsection.1.4.1}{Estad\355sticas, normas, reglamentos}{section.1.4}% 9
\BOOKMARK [1][-]{section.1.5}{Factores cr\355ticos, hallazgos}{chapter.1}% 10
\BOOKMARK [2][-]{subsection.1.5.1}{Necesidades seleccionadas}{section.1.5}% 11
\BOOKMARK [0][-]{chapter.2}{CICLO 2. EXPERIENCIA}{}% 12
\BOOKMARK [1][-]{section.2.1}{Redefinici\363n del reto}{chapter.2}% 13
\BOOKMARK [1][-]{section.2.2}{Necesidad jerarquizada}{chapter.2}% 14
\BOOKMARK [1][-]{section.2.3}{Objetivo \(propuesta de valor\)}{chapter.2}% 15
\BOOKMARK [1][-]{section.2.4}{Requerimientos}{chapter.2}% 16
\BOOKMARK [1][-]{section.2.5}{Escenarios}{chapter.2}% 17
\BOOKMARK [1][-]{section.2.6}{Personajes}{chapter.2}% 18
\BOOKMARK [1][-]{section.2.7}{Mapa de ruta}{chapter.2}% 19
\BOOKMARK [1][-]{section.2.8}{Dise\361o de experiencias}{chapter.2}% 20
\BOOKMARK [1][-]{section.2.9}{Nuevas tecnolog\355as}{chapter.2}% 21
\BOOKMARK [1][-]{section.2.10}{Factores cr\355ticos, hallazgos}{chapter.2}% 22
\BOOKMARK [0][-]{chapter.3}{CICLO 3. PRODUCTO}{}% 23
\BOOKMARK [1][-]{section.3.1}{Redefinici\363n del reto}{chapter.3}% 24
\BOOKMARK [1][-]{section.3.2}{Principios de dise\361o}{chapter.3}% 25
\BOOKMARK [1][-]{section.3.3}{Requerimientos y especificaciones}{chapter.3}% 26
\BOOKMARK [1][-]{section.3.4}{Generaci\363n de conceptos}{chapter.3}% 27
\BOOKMARK [1][-]{section.3.5}{Evaluaci\363n de conceptos}{chapter.3}% 28
\BOOKMARK [1][-]{section.3.6}{Selecci\363n de concepto}{chapter.3}% 29
\BOOKMARK [1][-]{section.3.7}{Construcci\363n de un simulador*}{chapter.3}% 30
\BOOKMARK [1][-]{section.3.8}{Resultado de las pruebas}{chapter.3}% 31
\BOOKMARK [1][-]{section.3.9}{Aprendizajes y hallazgos}{chapter.3}% 32
\BOOKMARK [0][-]{chapter.4}{CICLO 4. PROTOTIPO}{}% 33
\BOOKMARK [1][-]{section.4.1}{Redefinici\363n del reto}{chapter.4}% 34
\BOOKMARK [1][-]{section.4.2}{Problem\341tica}{chapter.4}% 35
\BOOKMARK [1][-]{section.4.3}{Objetivo}{chapter.4}% 36
\BOOKMARK [1][-]{section.4.4}{CONOCER. Contexto, estado del arte, benchmarking, an\341logos y hom\363logos}{chapter.4}% 37
\BOOKMARK [2][-]{subsection.4.4.1}{Por definir}{section.4.4}% 38
\BOOKMARK [1][-]{section.4.5}{GENERAR. Generaci\363n de conceptos}{chapter.4}% 39
\BOOKMARK [1][-]{section.4.6}{GENERAR. Selecci\363n de conceptos}{chapter.4}% 40
\BOOKMARK [1][-]{section.4.7}{GENERAR. Desarrollo de la propuesta}{chapter.4}% 41
\BOOKMARK [1][-]{section.4.8}{PROBAR. Simuladores, maquetas, prototipos}{chapter.4}% 42
\BOOKMARK [1][-]{section.4.9}{APRENDER. An\341lisis de hallazgos}{chapter.4}% 43
\BOOKMARK [0][-]{chapter*.4}{Bibliograf\355a}{}% 44
